\BOOKMARK [0][-]{chapter.1}{Introduction}{}% 1
\BOOKMARK [1][-]{section.1.1}{Related Work}{chapter.1}% 2
\BOOKMARK [0][-]{chapter.2}{Capturing a Light Field}{}% 3
\BOOKMARK [1][-]{section.2.1}{The Plenoptic Function and the Light Field}{chapter.2}% 4
\BOOKMARK [1][-]{section.2.2}{Light Field Acquisition}{chapter.2}% 5
\BOOKMARK [1][-]{section.2.3}{Visualization}{chapter.2}% 6
\BOOKMARK [0][-]{chapter.3}{Light Field Tomography}{}% 7
\BOOKMARK [1][-]{section.3.1}{A Model for Light Attenuation}{chapter.3}% 8
\BOOKMARK [1][-]{section.3.2}{Discrete Attenuation Layers}{chapter.3}% 9
\BOOKMARK [1][-]{section.3.3}{Ray Casting}{chapter.3}% 10
\BOOKMARK [1][-]{section.3.4}{Iterative Reconstruction}{chapter.3}% 11
\BOOKMARK [0][-]{chapter.4}{Spectral Analysis}{}% 12
\BOOKMARK [1][-]{section.4.1}{Definitions}{chapter.4}% 13
\BOOKMARK [1][-]{section.4.2}{The Fourier Slice Theorem}{chapter.4}% 14
\BOOKMARK [1][-]{section.4.3}{Spectral Support of Light Fields}{chapter.4}% 15
\BOOKMARK [1][-]{section.4.4}{Spectral Support of Multiplicative Displays}{chapter.4}% 16
\BOOKMARK [0][-]{appendix.A}{ap1}{}% 17
\BOOKMARK [1][-]{section.A.1}{apsec1}{appendix.A}% 18
\BOOKMARK [0][-]{section.A.1}{List of Tables}{}% 19
\BOOKMARK [0][-]{appendix*.7}{List of Figures}{}% 20
\BOOKMARK [0][-]{appendix*.8}{Bibliography}{}% 21
