\BOOKMARK [1][-]{section.1}{Related work}{}% 1
\BOOKMARK [1][-]{section.2}{Types of light fields}{}% 2
\BOOKMARK [1][-]{section.3}{Notation}{}% 3
\BOOKMARK [1][-]{section.4}{A first implementation for orthographic projections}{}% 4
\BOOKMARK [1][-]{section.5}{Moving to light fields of type 1}{}% 5
\BOOKMARK [2][-]{subsection.5.1}{Approach 1: From camera pixels to layer pixels}{section.5}% 6
\BOOKMARK [2][-]{subsection.5.2}{Approach 2: Converting the light field}{section.5}% 7
\BOOKMARK [2][-]{subsection.5.3}{Approach 3: From layer pixels to camera pixels}{section.5}% 8
\BOOKMARK [1][-]{section.6}{Creating synthetic light fields}{}% 9
\BOOKMARK [1][-]{section.7}{Review of the two implementations}{}% 10
\BOOKMARK [2][-]{subsection.7.1}{Orthographic projections}{section.7}% 11
\BOOKMARK [2][-]{subsection.7.2}{Perspective projections}{section.7}% 12
\BOOKMARK [1][-]{section.8}{Fixing the artefacts that occur in the reconstruction}{}% 13
\BOOKMARK [2][-]{subsection.8.1}{Comparison of the three methods implemented so far}{section.8}% 14
\BOOKMARK [2][-]{subsection.8.2}{Interpolation on the sensor plane}{section.8}% 15
\BOOKMARK [2][-]{subsection.8.3}{Conclusion}{section.8}% 16
\BOOKMARK [1][-]{section.9}{Further improvements for the pipeline}{}% 17
\BOOKMARK [2][-]{subsection.9.1}{Introduction of the sampling plane}{section.9}% 18
\BOOKMARK [2][-]{subsection.9.2}{Back-Projection and positioning of the layers}{section.9}% 19
\BOOKMARK [2][-]{subsection.9.3}{Tile-based optimization for attenuation layers}{section.9}% 20
